d:\vs2012 project\c++ game development course\gameproject\mygame\spacegame\spacegame\release\vc120.pdb
d:\vs2012 project\c++ game development course\gameproject\mygame\spacegame\spacegame\release\cindielib.obj
d:\vs2012 project\c++ game development course\gameproject\mygame\spacegame\spacegame\release\staticresources.obj
d:\vs2012 project\c++ game development course\gameproject\mygame\spacegame\spacegame\release\staticgameentity.obj
d:\vs2012 project\c++ game development course\gameproject\mygame\spacegame\spacegame\release\ship.obj
d:\vs2012 project\c++ game development course\gameproject\mygame\spacegame\spacegame\release\planet.obj
d:\vs2012 project\c++ game development course\gameproject\mygame\spacegame\spacegame\release\main.obj
d:\vs2012 project\c++ game development course\gameproject\mygame\spacegame\spacegame\release\gameentity.obj
d:\vs2012 project\c++ game development course\gameproject\mygame\spacegame\spacegame\release\space.obj
d:\vs2012 project\c++ game development course\gameproject\mygame\spacegame\spacegame\release\region.obj
d:\vs2012 project\c++ game development course\gameproject\mygame\spacegame\spacegame\release\position2d.obj
d:\vs2012 project\c++ game development course\gameproject\mygame\spacegame\spacegame\release\position3d.obj
d:\vs2012 project\c++ game development course\gameproject\mygame\spacegame\spacegame\release\animatedgameentity.obj
d:\vs2012 project\c++ game development course\gameproject\mygame\spacegame\release\spacegame.exe
d:\vs2012 project\c++ game development course\gameproject\mygame\spacegame\release\spacegame.pdb
d:\vs2012 project\c++ game development course\gameproject\mygame\spacegame\spacegame\release\spacegame.tlog\cl.command.1.tlog
d:\vs2012 project\c++ game development course\gameproject\mygame\spacegame\spacegame\release\spacegame.tlog\cl.read.1.tlog
d:\vs2012 project\c++ game development course\gameproject\mygame\spacegame\spacegame\release\spacegame.tlog\cl.write.1.tlog
d:\vs2012 project\c++ game development course\gameproject\mygame\spacegame\spacegame\release\spacegame.tlog\link.command.1.tlog
d:\vs2012 project\c++ game development course\gameproject\mygame\spacegame\spacegame\release\spacegame.tlog\link.read.1.tlog
d:\vs2012 project\c++ game development course\gameproject\mygame\spacegame\spacegame\release\spacegame.tlog\link.write.1.tlog
