<<<<<<< HEAD
﻿Build started 19-Jul-15 22:26:01.
     1>Project "D:\My Stuff\Materials\GameDev\GameDev\C-game-homework\GameDevelopmentC-Cource\MyGame\SpaceGame\SpaceGame\SpaceGame.vcxproj" on node 2 (Build target(s)).
     1>ClCompile:
         C:\Program Files (x86)\Visual Studio 2\VC\bin\CL.exe /c /I"D:\My Stuff\Materials\GameDev\GameDev\C-game-homework\GameDevelopmentC-Cource\MyGame\SpaceGame\SpaceGame\tools\editor_tileless" /I"D:\My Stuff\Materials\GameDev\GameDev\C-game-homework\GameDevelopmentC-Cource\MyGame\SpaceGame\SpaceGame\common\include" /I..\..\..\..\common\include /Zi /nologo /W3 /WX- /sdl /O2 /Oi /Oy- /GL /D WIN32 /D NDEBUG /D _WINDOWS /D _UNICODE /D UNICODE /Gm- /EHsc /MD /GS /Gy /fp:precise /Zc:wchar_t /Zc:forScope /Fo"Release\\" /Fd"Release\vc120.pdb" /Gd /TP /analyze- /errorReport:prompt AnimatedGameEntity.cpp
         AnimatedGameEntity.cpp
       Link:
         C:\Program Files (x86)\Visual Studio 2\VC\bin\link.exe /ERRORREPORT:PROMPT /OUT:"D:\My Stuff\Materials\GameDev\GameDev\C-game-homework\GameDevelopmentC-Cource\MyGame\SpaceGame\Release\SpaceGame.exe" /INCREMENTAL:NO /NOLOGO /LIBPATH:"D:\My Stuff\Materials\GameDev\GameDev\C-game-homework\GameDevelopmentC-Cource\MyGame\SpaceGame\SpaceGame\bin\win" /LIBPATH:../../../../bin/win IndieLib.lib kernel32.lib user32.lib gdi32.lib winspool.lib comdlg32.lib advapi32.lib shell32.lib ole32.lib oleaut32.lib uuid.lib odbc32.lib odbccp32.lib /MANIFEST /MANIFESTUAC:"level='asInvoker' uiAccess='false'" /manifest:embed /DEBUG /PDB:"D:\My Stuff\Materials\GameDev\GameDev\C-game-homework\GameDevelopmentC-Cource\MyGame\SpaceGame\Release\SpaceGame.pdb" /SUBSYSTEM:WINDOWS /OPT:REF /OPT:ICF /LTCG /TLBID:1 /DYNAMICBASE /NXCOMPAT /IMPLIB:"D:\My Stuff\Materials\GameDev\GameDev\C-game-homework\GameDevelopmentC-Cource\MyGame\SpaceGame\Release\SpaceGame.lib" /MACHINE:X86 /SAFESEH Release\AnimatedGameEntity.obj
=======
﻿Build started 19/07/2015 21:08:34.
     1>Project "D:\Vs2012 Project\C++ game development course\GameProject\MyGame\SpaceGame\SpaceGame\SpaceGame.vcxproj" on node 2 (Build target(s)).
     1>ClCompile:
         C:\Program Files (x86)\Microsoft Visual Studio 12.0\VC\bin\CL.exe /c /I"D:\Vs2012 Project\C++ game development course\GameProject\MyGame\SpaceGame\SpaceGame\common\include" /I"D:\Vs2012 Project\C++ game development course\GameProject\MyGame\SpaceGame\SpaceGame\tools\editor_tileless" /I..\..\..\..\common\include /Zi /nologo /W3 /WX- /sdl /O2 /Oi /Oy- /GL /D WIN32 /D NDEBUG /D _WINDOWS /D _UNICODE /D UNICODE /Gm- /EHsc /MD /GS /Gy /fp:precise /Zc:wchar_t /Zc:forScope /Fo"Release\\" /Fd"Release\vc120.pdb" /Gd /TP /analyze- /errorReport:prompt Main.cpp
         Main.cpp
       Link:
         C:\Program Files (x86)\Microsoft Visual Studio 12.0\VC\bin\link.exe /ERRORREPORT:PROMPT /OUT:"D:\Vs2012 Project\C++ game development course\GameProject\MyGame\SpaceGame\Release\SpaceGame.exe" /INCREMENTAL:NO /NOLOGO /LIBPATH:"D:\Vs2012 Project\C++ game development course\GameProject\MyGame\SpaceGame\SpaceGame\bin\win" /LIBPATH:../../../../bin/win IndieLib.lib kernel32.lib user32.lib gdi32.lib winspool.lib comdlg32.lib advapi32.lib shell32.lib ole32.lib oleaut32.lib uuid.lib odbc32.lib odbccp32.lib /MANIFEST /MANIFESTUAC:"level='asInvoker' uiAccess='false'" /manifest:embed /DEBUG /PDB:"D:\Vs2012 Project\C++ game development course\GameProject\MyGame\SpaceGame\Release\SpaceGame.pdb" /SUBSYSTEM:WINDOWS /OPT:REF /OPT:ICF /LTCG /TLBID:1 /DYNAMICBASE /NXCOMPAT /IMPLIB:"D:\Vs2012 Project\C++ game development course\GameProject\MyGame\SpaceGame\Release\SpaceGame.lib" /MACHINE:X86 /SAFESEH Release\AnimatedGameEntity.obj
>>>>>>> 4819329beea771722e09e466edd360c8f13e1970
         Release\Position3D.obj
         Release\Position2D.obj
         Release\Region.obj
         Release\Space.obj
         Release\GameEntity.obj
         Release\Main.obj
         Release\Planet.obj
         Release\Ship.obj
         Release\StaticGameEntity.obj
         Release\StaticResources.obj
         Release\CIndieLib.obj
         Generating code
         Finished generating code
<<<<<<< HEAD
         SpaceGame.vcxproj -> D:\My Stuff\Materials\GameDev\GameDev\C-game-homework\GameDevelopmentC-Cource\MyGame\SpaceGame\Release\SpaceGame.exe
     1>Done Building Project "D:\My Stuff\Materials\GameDev\GameDev\C-game-homework\GameDevelopmentC-Cource\MyGame\SpaceGame\SpaceGame\SpaceGame.vcxproj" (Build target(s)).

Build succeeded.

Time Elapsed 00:00:01.76
=======
         SpaceGame.vcxproj -> D:\Vs2012 Project\C++ game development course\GameProject\MyGame\SpaceGame\Release\SpaceGame.exe
     1>Done Building Project "D:\Vs2012 Project\C++ game development course\GameProject\MyGame\SpaceGame\SpaceGame\SpaceGame.vcxproj" (Build target(s)).

Build succeeded.

Time Elapsed 00:00:04.16
>>>>>>> 4819329beea771722e09e466edd360c8f13e1970
