
                         ''~``                          
                        ( o o )                         
+------------------.oooO--(_)--Oooo.------------------+ 
|                                                     | 
|                .-------------------.                | 
|                | I N D I E  L I B  |                | 
|                .-------------------.                | 
|                    .oooO                            | 
|                    (   )   Oooo.                    | 
+---------------------\ (----(   )--------------------+
                       \_)    ) /                      
                             (_/                        
Indielib version: 0.5.1

[Init time]: (Monday, 20 of July 2015)

[15:02:45] [ BEGIN ] -- Creating Render --
                     {
[15:02:45] [ BEGIN ]    -- Creating SDL window --
                        {
           [  OK   ]       Window created
           [ INFO  ]       Mode: Window
                        }
[15:02:45] [  END  ]    Window OK [Elapsed time = 0.005 seg]
[15:02:45] [ BEGIN ]    -- Initializing Direct3D --
                        {
           [  OK   ]       Creating D3D object
           [  OK   ]       Obtaining the adapter
           [  OK   ]       Creating the device (D3DCREATE_HARDWARE_VERTEXPROCESSING)
           [ INFO  ]       Video mode: 800 x 600 x 32
                        }
[15:02:45] [  END  ]    Direct3D OK [Elapsed time = 0.036 seg]
[15:02:45] [ BEGIN ]    -- Hardware information --
                        {
           [ INFO  ]       Direct3D version: DXSDK November 2007
           [ INFO  ]       Mark: ATI Technologies Inc
           [ INFO  ]       Chip: AMD Radeon R9 200 Series
           [ INFO  ]       Primitive antialising (D3DRS_ANTIALIASEDLINEENABLE): No
           [ INFO  ]       Maximum texture size: 16384 x 16384
           [ INFO  ]       Vertex Shader: 3 . 0 
           [ INFO  ]       Pixel Shader: 3 . 0
                        }
[15:02:45] [  END  ]    Hardware Ok [Elapsed time = 0 seg]
[15:02:45] [ BEGIN ]    -- Initializing ImageManager --
                        {
           [  OK   ]       Preparing ImageManager
           [ INFO  ]       Using FreeImage version:  3.15.3
           [ INFO  ]       Copyright:  This program uses FreeImage, a free, open source image library supporting all common bitmap formats. See http://freeimage.sourceforge.net for details
                        }
[15:02:45] [  END  ]    ImageManager Initialised [Elapsed time = 0 seg]
[15:02:45] [ BEGIN ]    -- Initializing SurfaceManager --
                        {
           [  OK   ]       Checking IND_Render
           [  OK   ]       Checking IND_ImageManager
                        }
[15:02:45] [  END  ]    SurfaceManager OK [Elapsed time = 0 seg]
[15:02:45] [ BEGIN ]    -- Initializing AnimationManager --
                        {
           [  OK   ]       SurfaceManager Ok
           [  OK   ]       ImageManager Ok
                        }
[15:02:45] [  END  ]    AnimationManager OK [Elapsed time = 0 seg]
[15:02:45] [ BEGIN ]    -- Initializing FontManager --
                        {
           [  OK   ]       SurfaceManager Ok
           [  OK   ]       ImageManager Ok
                        }
[15:02:45] [  END  ]    FontManager OK [Elapsed time = 0 seg]
[15:02:45] [ BEGIN ]    -- Initializing Entity2dManager --
                        {
           [  OK   ]       Preparing Entity2dManager
           [  OK   ]        Checking IND_Render
                        }
[15:02:45] [  END  ]    Entity2dManager OK [Elapsed time = 0 seg]
[15:02:45] [ BEGIN ]    -- Adding 2d entity --
                        {
           [ INFO  ]       Name: 0
                        }
[15:02:45] [  END  ]    2d entity added [Elapsed time = 0 seg]
[15:02:45] [ BEGIN ]    -- Parsing and loading animation --
                        {
           [ INFO  ]       File name: ../SpaceGame/resources/animations/Ship_Explotion.xml
[15:02:45] [ BEGIN ]       -- Loading Image --
                           {
           [ INFO  ]          File name: ../SpaceGame/resources/animations/Ship_Explotion/1.png
           [ INFO  ]          Extension: png
           [ INFO  ]          Size: 600 x 1200
           [ INFO  ]          Bpp: 4
           [ INFO  ]          Format: IND_RGBA
                           }
[15:02:45] [  END  ]       Image loaded [Elapsed time = 0.013 seg]
[15:02:45] [ BEGIN ]       -- Loading Image --
                           {
           [ INFO  ]          File name: ../SpaceGame/resources/animations/Ship_Explotion/2.png
           [ INFO  ]          Extension: png
           [ INFO  ]          Size: 600 x 1200
           [ INFO  ]          Bpp: 4
           [ INFO  ]          Format: IND_RGBA
                           }
[15:02:45] [  END  ]       Image loaded [Elapsed time = 0.014 seg]
[15:02:45] [ BEGIN ]       -- Loading Image --
                           {
           [ INFO  ]          File name: ../SpaceGame/resources/animations/Ship_Explotion/3.png
           [ INFO  ]          Extension: png
           [ INFO  ]          Size: 600 x 1200
           [ INFO  ]          Bpp: 4
           [ INFO  ]          Format: IND_RGBA
                           }
[15:02:45] [  END  ]       Image loaded [Elapsed time = 0.013 seg]
[15:02:45] [ BEGIN ]       -- Loading Image --
                           {
           [ INFO  ]          File name: ../SpaceGame/resources/animations/Ship_Explotion/4.png
           [ INFO  ]          Extension: png
           [ INFO  ]          Size: 600 x 1200
           [ INFO  ]          Bpp: 4
           [ INFO  ]          Format: IND_RGBA
                           }
[15:02:45] [  END  ]       Image loaded [Elapsed time = 0.015 seg]
[15:02:45] [ BEGIN ]       -- Loading Image --
                           {
           [ INFO  ]          File name: ../SpaceGame/resources/animations/Ship_Explotion/5.png
           [ INFO  ]          Extension: png
           [ INFO  ]          Size: 600 x 1200
           [ INFO  ]          Bpp: 4
           [ INFO  ]          Format: IND_RGBA
                           }
[15:02:45] [  END  ]       Image loaded [Elapsed time = 0.017 seg]
[15:02:45] [ BEGIN ]       -- Loading Image --
                           {
           [ INFO  ]          File name: ../SpaceGame/resources/animations/Ship_Explotion/6.png
           [ INFO  ]          Extension: png
           [ INFO  ]          Size: 600 x 1200
           [ INFO  ]          Bpp: 4
           [ INFO  ]          Format: IND_RGBA
                           }
[15:02:45] [  END  ]       Image loaded [Elapsed time = 0.022 seg]
[15:02:45] [ BEGIN ]       -- Loading Image --
                           {
           [ INFO  ]          File name: ../SpaceGame/resources/animations/Ship_Explotion/7.png
           [ INFO  ]          Extension: png
           [ INFO  ]          Size: 600 x 1200
           [ INFO  ]          Bpp: 4
           [ INFO  ]          Format: IND_RGBA
                           }
[15:02:45] [  END  ]       Image loaded [Elapsed time = 0.027 seg]
[15:02:45] [ BEGIN ]       -- Loading Image --
                           {
           [ INFO  ]          File name: ../SpaceGame/resources/animations/Ship_Explotion/8.png
           [ INFO  ]          Extension: png
           [ INFO  ]          Size: 600 x 1200
           [ INFO  ]          Bpp: 4
           [ INFO  ]          Format: IND_RGBA
                           }
[15:02:45] [  END  ]       Image loaded [Elapsed time = 0.028 seg]
[15:02:45] [ BEGIN ]       -- Loading Image --
                           {
           [ INFO  ]          File name: ../SpaceGame/resources/animations/Ship_Explotion/9.png
           [ INFO  ]          Extension: png
           [ INFO  ]          Size: 600 x 1200
           [ INFO  ]          Bpp: 4
           [ INFO  ]          Format: IND_RGBA
                           }
[15:02:45] [  END  ]       Image loaded [Elapsed time = 0.029 seg]
[15:02:45] [ BEGIN ]       -- Loading Image --
                           {
           [ INFO  ]          File name: ../SpaceGame/resources/animations/Ship_Explotion/10.png
           [ INFO  ]          Extension: png
           [ INFO  ]          Size: 600 x 1200
           [ INFO  ]          Bpp: 4
           [ INFO  ]          Format: IND_RGBA
                           }
[15:02:45] [  END  ]       Image loaded [Elapsed time = 0.029 seg]
[15:02:45] [ BEGIN ]       -- Loading Image --
                           {
           [ INFO  ]          File name: ../SpaceGame/resources/animations/Ship_Explotion/11.png
           [ INFO  ]          Extension: png
           [ INFO  ]          Size: 600 x 1200
           [ INFO  ]          Bpp: 4
           [ INFO  ]          Format: IND_RGBA
                           }
[15:02:45] [  END  ]       Image loaded [Elapsed time = 0.028 seg]
[15:02:45] [ BEGIN ]       -- Loading Image --
                           {
           [ INFO  ]          File name: ../SpaceGame/resources/animations/Ship_Explotion/12.png
           [ INFO  ]          Extension: png
           [ INFO  ]          Size: 600 x 1200
           [ INFO  ]          Bpp: 4
           [ INFO  ]          Format: IND_RGBA
                           }
[15:02:45] [  END  ]       Image loaded [Elapsed time = 0.029 seg]
[15:02:45] [ BEGIN ]       -- Loading Image --
                           {
           [ INFO  ]          File name: ../SpaceGame/resources/animations/Ship_Explotion/13.png
           [ INFO  ]          Extension: png
           [ INFO  ]          Size: 600 x 1200
           [ INFO  ]          Bpp: 4
           [ INFO  ]          Format: IND_RGBA
                           }
[15:02:45] [  END  ]       Image loaded [Elapsed time = 0.029 seg]
[15:02:45] [ BEGIN ]       -- Loading Image --
                           {
           [ INFO  ]          File name: ../SpaceGame/resources/animations/Ship_Explotion/14.png
           [ INFO  ]          Extension: png
           [ INFO  ]          Size: 600 x 1200
           [ INFO  ]          Bpp: 4
           [ INFO  ]          Format: IND_RGBA
                           }
[15:02:45] [  END  ]       Image loaded [Elapsed time = 0.028 seg]
                        }
[15:02:45] [  END  ]    Animation parsed and loaded [Elapsed time = 0.321 seg]
[15:02:45] [ BEGIN ]    -- Creating surface --
                        {
           [ INFO  ]       From image: ../SpaceGame/resources/animations/Ship_Explotion/1.png
           [ INFO  ]       Type: IND_ALPHA
           [ INFO  ]       Quality: IND_32
           [ INFO  ]       Image size: 600 x 1200
           [ INFO  ]       Block size: 1024 x 2048
           [ INFO  ]       Number of blocks: 1 x 1
           [ INFO  ]       Spare (Right | Down): 424 x 848
                        }
[15:02:45] [  END  ]    Surface created [Elapsed time = 0.011 seg]
[15:02:45] [ BEGIN ]    -- Freeing image --
                        {
           [ INFO  ]       File name: ../SpaceGame/resources/animations/Ship_Explotion/1.png
                        }
[15:02:45] [  END  ]    Ok [Elapsed time = 0 seg]
[15:02:45] [ BEGIN ]    -- Creating surface --
                        {
           [ INFO  ]       From image: ../SpaceGame/resources/animations/Ship_Explotion/2.png
           [ INFO  ]       Type: IND_ALPHA
           [ INFO  ]       Quality: IND_32
           [ INFO  ]       Image size: 600 x 1200
           [ INFO  ]       Block size: 1024 x 2048
           [ INFO  ]       Number of blocks: 1 x 1
           [ INFO  ]       Spare (Right | Down): 424 x 848
                        }
[15:02:45] [  END  ]    Surface created [Elapsed time = 0.009 seg]
[15:02:45] [ BEGIN ]    -- Freeing image --
                        {
           [ INFO  ]       File name: ../SpaceGame/resources/animations/Ship_Explotion/2.png
                        }
[15:02:45] [  END  ]    Ok [Elapsed time = 0.001 seg]
[15:02:45] [ BEGIN ]    -- Creating surface --
                        {
           [ INFO  ]       From image: ../SpaceGame/resources/animations/Ship_Explotion/3.png
           [ INFO  ]       Type: IND_ALPHA
           [ INFO  ]       Quality: IND_32
           [ INFO  ]       Image size: 600 x 1200
           [ INFO  ]       Block size: 1024 x 2048
           [ INFO  ]       Number of blocks: 1 x 1
           [ INFO  ]       Spare (Right | Down): 424 x 848
                        }
[15:02:45] [  END  ]    Surface created [Elapsed time = 0.01 seg]
[15:02:45] [ BEGIN ]    -- Freeing image --
                        {
           [ INFO  ]       File name: ../SpaceGame/resources/animations/Ship_Explotion/3.png
                        }
[15:02:45] [  END  ]    Ok [Elapsed time = 0 seg]
[15:02:45] [ BEGIN ]    -- Creating surface --
                        {
           [ INFO  ]       From image: ../SpaceGame/resources/animations/Ship_Explotion/4.png
           [ INFO  ]       Type: IND_ALPHA
           [ INFO  ]       Quality: IND_32
           [ INFO  ]       Image size: 600 x 1200
           [ INFO  ]       Block size: 1024 x 2048
           [ INFO  ]       Number of blocks: 1 x 1
           [ INFO  ]       Spare (Right | Down): 424 x 848
                        }
[15:02:45] [  END  ]    Surface created [Elapsed time = 0.011 seg]
[15:02:45] [ BEGIN ]    -- Freeing image --
                        {
           [ INFO  ]       File name: ../SpaceGame/resources/animations/Ship_Explotion/4.png
                        }
[15:02:45] [  END  ]    Ok [Elapsed time = 0 seg]
[15:02:45] [ BEGIN ]    -- Creating surface --
                        {
           [ INFO  ]       From image: ../SpaceGame/resources/animations/Ship_Explotion/5.png
           [ INFO  ]       Type: IND_ALPHA
           [ INFO  ]       Quality: IND_32
           [ INFO  ]       Image size: 600 x 1200
           [ INFO  ]       Block size: 1024 x 2048
           [ INFO  ]       Number of blocks: 1 x 1
           [ INFO  ]       Spare (Right | Down): 424 x 848
                        }
[15:02:45] [  END  ]    Surface created [Elapsed time = 0.009 seg]
[15:02:45] [ BEGIN ]    -- Freeing image --
                        {
           [ INFO  ]       File name: ../SpaceGame/resources/animations/Ship_Explotion/5.png
                        }
[15:02:45] [  END  ]    Ok [Elapsed time = 0.001 seg]
[15:02:45] [ BEGIN ]    -- Creating surface --
                        {
           [ INFO  ]       From image: ../SpaceGame/resources/animations/Ship_Explotion/6.png
           [ INFO  ]       Type: IND_ALPHA
           [ INFO  ]       Quality: IND_32
           [ INFO  ]       Image size: 600 x 1200
           [ INFO  ]       Block size: 1024 x 2048
           [ INFO  ]       Number of blocks: 1 x 1
           [ INFO  ]       Spare (Right | Down): 424 x 848
                        }
[15:02:45] [  END  ]    Surface created [Elapsed time = 0.012 seg]
[15:02:45] [ BEGIN ]    -- Freeing image --
                        {
           [ INFO  ]       File name: ../SpaceGame/resources/animations/Ship_Explotion/6.png
                        }
[15:02:45] [  END  ]    Ok [Elapsed time = 0.001 seg]
[15:02:45] [ BEGIN ]    -- Creating surface --
                        {
           [ INFO  ]       From image: ../SpaceGame/resources/animations/Ship_Explotion/7.png
           [ INFO  ]       Type: IND_ALPHA
           [ INFO  ]       Quality: IND_32
           [ INFO  ]       Image size: 600 x 1200
           [ INFO  ]       Block size: 1024 x 2048
           [ INFO  ]       Number of blocks: 1 x 1
           [ INFO  ]       Spare (Right | Down): 424 x 848
                        }
[15:02:45] [  END  ]    Surface created [Elapsed time = 0.013 seg]
[15:02:45] [ BEGIN ]    -- Freeing image --
                        {
           [ INFO  ]       File name: ../SpaceGame/resources/animations/Ship_Explotion/7.png
                        }
[15:02:45] [  END  ]    Ok [Elapsed time = 0 seg]
[15:02:45] [ BEGIN ]    -- Creating surface --
                        {
           [ INFO  ]       From image: ../SpaceGame/resources/animations/Ship_Explotion/8.png
           [ INFO  ]       Type: IND_ALPHA
           [ INFO  ]       Quality: IND_32
           [ INFO  ]       Image size: 600 x 1200
           [ INFO  ]       Block size: 1024 x 2048
           [ INFO  ]       Number of blocks: 1 x 1
           [ INFO  ]       Spare (Right | Down): 424 x 848
                        }
[15:02:45] [  END  ]    Surface created [Elapsed time = 0.012 seg]
[15:02:45] [ BEGIN ]    -- Freeing image --
                        {
           [ INFO  ]       File name: ../SpaceGame/resources/animations/Ship_Explotion/8.png
                        }
[15:02:45] [  END  ]    Ok [Elapsed time = 0 seg]
[15:02:45] [ BEGIN ]    -- Creating surface --
                        {
           [ INFO  ]       From image: ../SpaceGame/resources/animations/Ship_Explotion/9.png
           [ INFO  ]       Type: IND_ALPHA
           [ INFO  ]       Quality: IND_32
           [ INFO  ]       Image size: 600 x 1200
           [ INFO  ]       Block size: 1024 x 2048
           [ INFO  ]       Number of blocks: 1 x 1
           [ INFO  ]       Spare (Right | Down): 424 x 848
                        }
[15:02:45] [  END  ]    Surface created [Elapsed time = 0.01 seg]
[15:02:45] [ BEGIN ]    -- Freeing image --
                        {
           [ INFO  ]       File name: ../SpaceGame/resources/animations/Ship_Explotion/9.png
                        }
[15:02:45] [  END  ]    Ok [Elapsed time = 0.001 seg]
[15:02:45] [ BEGIN ]    -- Creating surface --
                        {
           [ INFO  ]       From image: ../SpaceGame/resources/animations/Ship_Explotion/10.png
           [ INFO  ]       Type: IND_ALPHA
           [ INFO  ]       Quality: IND_32
           [ INFO  ]       Image size: 600 x 1200
           [ INFO  ]       Block size: 1024 x 2048
           [ INFO  ]       Number of blocks: 1 x 1
           [ INFO  ]       Spare (Right | Down): 424 x 848
                        }
[15:02:45] [  END  ]    Surface created [Elapsed time = 0.012 seg]
[15:02:45] [ BEGIN ]    -- Freeing image --
                        {
           [ INFO  ]       File name: ../SpaceGame/resources/animations/Ship_Explotion/10.png
                        }
[15:02:45] [  END  ]    Ok [Elapsed time = 0 seg]
[15:02:45] [ BEGIN ]    -- Creating surface --
                        {
           [ INFO  ]       From image: ../SpaceGame/resources/animations/Ship_Explotion/11.png
           [ INFO  ]       Type: IND_ALPHA
           [ INFO  ]       Quality: IND_32
           [ INFO  ]       Image size: 600 x 1200
           [ INFO  ]       Block size: 1024 x 2048
           [ INFO  ]       Number of blocks: 1 x 1
           [ INFO  ]       Spare (Right | Down): 424 x 848
                        }
[15:02:45] [  END  ]    Surface created [Elapsed time = 0.01 seg]
[15:02:45] [ BEGIN ]    -- Freeing image --
                        {
           [ INFO  ]       File name: ../SpaceGame/resources/animations/Ship_Explotion/11.png
                        }
[15:02:45] [  END  ]    Ok [Elapsed time = 0 seg]
[15:02:45] [ BEGIN ]    -- Creating surface --
                        {
           [ INFO  ]       From image: ../SpaceGame/resources/animations/Ship_Explotion/12.png
           [ INFO  ]       Type: IND_ALPHA
           [ INFO  ]       Quality: IND_32
           [ INFO  ]       Image size: 600 x 1200
           [ INFO  ]       Block size: 1024 x 2048
           [ INFO  ]       Number of blocks: 1 x 1
           [ INFO  ]       Spare (Right | Down): 424 x 848
                        }
[15:02:45] [  END  ]    Surface created [Elapsed time = 0.01 seg]
[15:02:45] [ BEGIN ]    -- Freeing image --
                        {
           [ INFO  ]       File name: ../SpaceGame/resources/animations/Ship_Explotion/12.png
                        }
[15:02:45] [  END  ]    Ok [Elapsed time = 0 seg]
[15:02:45] [ BEGIN ]    -- Creating surface --
                        {
           [ INFO  ]       From image: ../SpaceGame/resources/animations/Ship_Explotion/13.png
           [ INFO  ]       Type: IND_ALPHA
           [ INFO  ]       Quality: IND_32
           [ INFO  ]       Image size: 600 x 1200
           [ INFO  ]       Block size: 1024 x 2048
           [ INFO  ]       Number of blocks: 1 x 1
           [ INFO  ]       Spare (Right | Down): 424 x 848
                        }
[15:02:45] [  END  ]    Surface created [Elapsed time = 0.011 seg]
[15:02:45] [ BEGIN ]    -- Freeing image --
                        {
           [ INFO  ]       File name: ../SpaceGame/resources/animations/Ship_Explotion/13.png
                        }
[15:02:45] [  END  ]    Ok [Elapsed time = 0 seg]
[15:02:45] [ BEGIN ]    -- Creating surface --
                        {
           [ INFO  ]       From image: ../SpaceGame/resources/animations/Ship_Explotion/14.png
           [ INFO  ]       Type: IND_ALPHA
           [ INFO  ]       Quality: IND_32
           [ INFO  ]       Image size: 600 x 1200
           [ INFO  ]       Block size: 1024 x 2048
           [ INFO  ]       Number of blocks: 1 x 1
           [ INFO  ]       Spare (Right | Down): 424 x 848
                        }
[15:02:45] [  END  ]    Surface created [Elapsed time = 0.009 seg]
[15:02:45] [ BEGIN ]    -- Freeing image --
                        {
           [ INFO  ]       File name: ../SpaceGame/resources/animations/Ship_Explotion/14.png
                        }
[15:02:45] [  END  ]    Ok [Elapsed time = 0 seg]
[15:02:45] [ BEGIN ]    -- Adding 2d entity --
                        {
           [ INFO  ]       Name: 1
                        }
[15:02:45] [  END  ]    2d entity added [Elapsed time = 0 seg]
[15:02:45] [ BEGIN ]    -- Parsing and loading animation --
                        {
           [ INFO  ]       File name: ../SpaceGame/resources/animations/kali/ufo.xml
           [ ERROR ]       Fatal error, cannot load the animation xml file
                        }
[15:02:45] [  END  ]    Error occurred [Elaped time = 0.001 seg]
[15:02:45] [ BEGIN ]    -- Loading Image --
                        {
           [ INFO  ]       File name: ../../SpaceGame/resources/beetleship.png
           [ INFO  ]       Extension: png
           [ ERROR ]       Image not found
                        }
[15:02:45] [  END  ]    Error occurred [Elaped time = 0 seg]
[15:02:45] [ BEGIN ]    -- Freeing image --
                        {
           [ INFO  ]       This operation can not be done 
           [ ERROR ]       Invalid Id or IND_ImageManager not correctly initialized
                        }
[15:02:45] [  END  ]    Error occurred [Elaped time = 0 seg]
