Build started 20.7.2015 г. 15:02:42.
     1>Project "C:\Users\kalina\Desktop\GameDevelopmentC-Cource\MyGame\SpaceGame\SpaceGame.vcxproj" on node 2 (Build target(s)).
     1>ClCompile:
         C:\Program Files (x86)\Microsoft Visual Studio 12.0\VC\bin\CL.exe /c /I"C:\Users\kalina\Desktop\GameDevelopmentC-Cource\MyGame\SpaceGame\tools\editor_tileless" /I"C:\Users\kalina\Desktop\GameDevelopmentC-Cource\MyGame\SpaceGame\common\include" /I..\..\..\..\common\include /Zi /nologo /W3 /WX- /sdl /O2 /Oi /Oy- /GL /D WIN32 /D NDEBUG /D _WINDOWS /D _UNICODE /D UNICODE /Gm- /EHsc /MD /GS /Gy /fp:precise /Zc:wchar_t /Zc:forScope /Fo"Release\\" /Fd"Release\vc120.pdb" /Gd /TP /analyze- /errorReport:prompt Main.cpp
         Main.cpp
       Link:
         C:\Program Files (x86)\Microsoft Visual Studio 12.0\VC\bin\link.exe /ERRORREPORT:PROMPT /OUT:"C:\Users\kalina\Desktop\GameDevelopmentC-Cource\MyGame\Release\SpaceGame.exe" /INCREMENTAL:NO /NOLOGO /LIBPATH:"C:\Users\kalina\Desktop\GameDevelopmentC-Cource\MyGame\SpaceGame\bin\win" /LIBPATH:../../../../bin/win IndieLib.lib kernel32.lib user32.lib gdi32.lib winspool.lib comdlg32.lib advapi32.lib shell32.lib ole32.lib oleaut32.lib uuid.lib odbc32.lib odbccp32.lib /MANIFEST /MANIFESTUAC:"level='asInvoker' uiAccess='false'" /manifest:embed /DEBUG /PDB:"C:\Users\kalina\Desktop\GameDevelopmentC-Cource\MyGame\Release\SpaceGame.pdb" /SUBSYSTEM:WINDOWS /OPT:REF /OPT:ICF /LTCG /TLBID:1 /DYNAMICBASE /NXCOMPAT /IMPLIB:"C:\Users\kalina\Desktop\GameDevelopmentC-Cource\MyGame\Release\SpaceGame.lib" /MACHINE:X86 /SAFESEH Release\AnimatedGameEntity.obj
         Release\Position3D.obj
         Release\Position2D.obj
         Release\Region.obj
         Release\Space.obj
         Release\GameEntity.obj
         Release\Main.obj
         Release\Planet.obj
         Release\Ship.obj
         Release\StaticGameEntity.obj
         Release\StaticResources.obj
         Release\CIndieLib.obj
         Generating code
         Finished generating code
         SpaceGame.vcxproj -> C:\Users\kalina\Desktop\GameDevelopmentC-Cource\MyGame\Release\SpaceGame.exe
     1>Done Building Project "C:\Users\kalina\Desktop\GameDevelopmentC-Cource\MyGame\SpaceGame\SpaceGame.vcxproj" (Build target(s)).

Build succeeded.

Time Elapsed 00:00:02.66
